<?xml version="1.0" encoding="UTF-8"?>
<!-- Generated by org.testng.reporters.JUnitReportReporter -->
<testsuite hostname="Shama-Banu" failures="0" tests="1" name="ninzaCRM.OpportunitiesTests.CreateOpportunityWithLeadTest" time="67.266" errors="0" timestamp="2025-06-23T18:16:00 IST" skipped="0">
  <testcase classname="ninzaCRM.OpportunitiesTests.CreateOpportunityWithLeadTest" name="tc_03_createOpportunityWithLead" time="67.266"/>
  <system-out/>
</testsuite> <!-- ninzaCRM.OpportunitiesTests.CreateOpportunityWithLeadTest -->
