<?xml version="1.0" encoding="UTF-8"?>
<!-- Generated by org.testng.reporters.JUnitReportReporter -->
<testsuite hostname="Shama-Banu" failures="0" tests="1" name="ninzaCRM.ContactsTests.CreateContactTest" time="38.140" errors="0" timestamp="2025-06-28T15:37:15 IST" skipped="0">
  <testcase classname="ninzaCRM.ContactsTests.CreateContactTest" name="createContact" time="38.140"/>
  <system-out/>
</testsuite> <!-- ninzaCRM.ContactsTests.CreateContactTest -->
