<?xml version="1.0" encoding="UTF-8"?>
<!-- Generated by org.testng.reporters.JUnitReportReporter -->
<testsuite hostname="Shama-Banu" failures="0" tests="1" name="ninzaCRM.ContactsTests.CreateContactTest" time="41.518" errors="0" timestamp="2025-06-19T19:28:18 IST" skipped="0">
  <testcase classname="ninzaCRM.ContactsTests.CreateContactTest" name="createContact" time="41.518"/>
  <system-out/>
</testsuite> <!-- ninzaCRM.ContactsTests.CreateContactTest -->
