<?xml version="1.0" encoding="UTF-8"?>
<!-- Generated by org.testng.reporters.JUnitReportReporter -->
<testsuite hostname="Shama-Banu" failures="0" tests="1" name="ninzaCRM.LeadsTests.CreateLeadTest" time="51.194" errors="0" timestamp="2025-06-19T15:12:55 IST" skipped="0">
  <testcase classname="ninzaCRM.LeadsTests.CreateLeadTest" name="createLead" time="51.194"/>
  <system-out/>
</testsuite> <!-- ninzaCRM.LeadsTests.CreateLeadTest -->
