<?xml version="1.0" encoding="UTF-8"?>
<!-- Generated by org.testng.reporters.JUnitReportReporter -->
<testsuite hostname="Shama-Banu" failures="0" tests="1" name="ninzaCRM.LeadsTests.CreateLeadTest" time="38.013" errors="0" timestamp="2025-06-19T19:26:24 IST" skipped="0">
  <testcase classname="ninzaCRM.LeadsTests.CreateLeadTest" name="createLead" time="38.013"/>
  <system-out/>
</testsuite> <!-- ninzaCRM.LeadsTests.CreateLeadTest -->
