<?xml version="1.0" encoding="UTF-8"?>
<!-- Generated by org.testng.reporters.JUnitReportReporter -->
<testsuite hostname="Shama-Banu" failures="0" tests="1" name="ninzaCRM.ContactsTests.CreateContactWithCampaignTest" time="25.149" errors="0" timestamp="2025-06-16T18:00:20 IST" skipped="0">
  <testcase classname="ninzaCRM.ContactsTests.CreateContactWithCampaignTest" name="tc_02_createContactWithCampaign" time="25.149"/>
  <system-out/>
</testsuite> <!-- ninzaCRM.ContactsTests.CreateContactWithCampaignTest -->
