<?xml version="1.0" encoding="UTF-8"?>
<!-- Generated by org.testng.reporters.JUnitReportReporter -->
<testsuite hostname="Shama-Banu" failures="0" tests="1" name="ninzaCRM.LeadsTests.CreateLeadWithCampaignTest" time="44.652" errors="0" timestamp="2025-06-16T17:37:08 IST" skipped="0">
  <testcase classname="ninzaCRM.LeadsTests.CreateLeadWithCampaignTest" name="tc_01_createLeadWithCampaign" time="44.652"/>
  <system-out/>
</testsuite> <!-- ninzaCRM.LeadsTests.CreateLeadWithCampaignTest -->
